<?xml version="1.0" encoding="UTF-8"?>
<!-- Generated by org.testng.reporters.JUnitXMLReporter -->
<testsuite hostname="Testing-PC" ignored="0" name="Test" tests="3" failures="0" timestamp="12 Feb 2020 10:53:41 GMT" time="24.658" errors="0">
  <testcase name="verifyPage" time="0.229" classname="com.computech.testcases.OrangeHRMTest1"/>
  <testcase name="login" time="6.694" classname="com.computech.testcases.OrangeHRMTest1"/>
  <testcase name="logout" time="5.503" classname="com.computech.testcases.OrangeHRMTest1"/>
</testsuite> <!-- Test -->
