<?xml version="1.0" encoding="UTF-8"?>
<testng-results skipped="0" failed="0" ignored="0" total="3" passed="3">
  <reporter-output>
  </reporter-output>
  <suite name="Suite" duration-ms="24658" started-at="2020-02-12T10:53:16Z" finished-at="2020-02-12T10:53:41Z">
    <groups>
    </groups>
    <test name="Test" duration-ms="24658" started-at="2020-02-12T10:53:16Z" finished-at="2020-02-12T10:53:41Z">
      <class name="com.computech.testcases.OrangeHRMTest1">
        <test-method status="PASS" signature="setupReport()[pri:0, instance:com.computech.testcases.OrangeHRMTest1@5a61f5df]" name="setupReport" is-config="true" duration-ms="261" started-at="2020-02-12T10:53:16Z" finished-at="2020-02-12T10:53:16Z">
          <reporter-output>
          </reporter-output>
        </test-method> <!-- setupReport -->
        <test-method status="PASS" signature="setUp()[pri:0, instance:com.computech.testcases.OrangeHRMTest1@5a61f5df]" name="setUp" is-config="true" duration-ms="9218" started-at="2020-02-12T10:53:16Z" finished-at="2020-02-12T10:53:26Z">
          <reporter-output>
          </reporter-output>
        </test-method> <!-- setUp -->
        <test-method status="PASS" signature="verifyPage()[pri:1, instance:com.computech.testcases.OrangeHRMTest1@5a61f5df]" name="verifyPage" duration-ms="229" started-at="2020-02-12T10:53:26Z" finished-at="2020-02-12T10:53:26Z">
          <reporter-output>
          </reporter-output>
        </test-method> <!-- verifyPage -->
        <test-method status="PASS" signature="tearDownReport(org.testng.ITestResult)[pri:0, instance:com.computech.testcases.OrangeHRMTest1@5a61f5df]" name="tearDownReport" is-config="true" duration-ms="995" started-at="2020-02-12T10:53:26Z" finished-at="2020-02-12T10:53:27Z">
          <params>
            <param index="0">
              <value>
                <![CDATA[[TestResult name=verifyPage status=SUCCESS method=OrangeHRMTest1.verifyPage()[pri:1, instance:com.computech.testcases.OrangeHRMTest1@5a61f5df] output={null}]]]>
              </value>
            </param>
          </params>
          <reporter-output>
          </reporter-output>
        </test-method> <!-- tearDownReport -->
        <test-method status="PASS" signature="login()[pri:2, instance:com.computech.testcases.OrangeHRMTest1@5a61f5df]" name="login" duration-ms="6694" started-at="2020-02-12T10:53:27Z" finished-at="2020-02-12T10:53:34Z">
          <reporter-output>
          </reporter-output>
        </test-method> <!-- login -->
        <test-method status="PASS" signature="tearDownReport(org.testng.ITestResult)[pri:0, instance:com.computech.testcases.OrangeHRMTest1@5a61f5df]" name="tearDownReport" is-config="true" duration-ms="510" started-at="2020-02-12T10:53:34Z" finished-at="2020-02-12T10:53:34Z">
          <params>
            <param index="0">
              <value>
                <![CDATA[[TestResult name=login status=SUCCESS method=OrangeHRMTest1.login()[pri:2, instance:com.computech.testcases.OrangeHRMTest1@5a61f5df] output={null}]]]>
              </value>
            </param>
          </params>
          <reporter-output>
          </reporter-output>
        </test-method> <!-- tearDownReport -->
        <test-method status="PASS" signature="logout()[pri:3, instance:com.computech.testcases.OrangeHRMTest1@5a61f5df]" name="logout" duration-ms="5503" started-at="2020-02-12T10:53:34Z" finished-at="2020-02-12T10:53:40Z">
          <reporter-output>
          </reporter-output>
        </test-method> <!-- logout -->
        <test-method status="PASS" signature="tearDownReport(org.testng.ITestResult)[pri:0, instance:com.computech.testcases.OrangeHRMTest1@5a61f5df]" name="tearDownReport" is-config="true" duration-ms="570" started-at="2020-02-12T10:53:40Z" finished-at="2020-02-12T10:53:40Z">
          <params>
            <param index="0">
              <value>
                <![CDATA[[TestResult name=logout status=SUCCESS method=OrangeHRMTest1.logout()[pri:3, instance:com.computech.testcases.OrangeHRMTest1@5a61f5df] output={null}]]]>
              </value>
            </param>
          </params>
          <reporter-output>
          </reporter-output>
        </test-method> <!-- tearDownReport -->
        <test-method status="PASS" signature="tearDown()[pri:0, instance:com.computech.testcases.OrangeHRMTest1@5a61f5df]" name="tearDown" is-config="true" duration-ms="905" started-at="2020-02-12T10:53:40Z" finished-at="2020-02-12T10:53:41Z">
          <reporter-output>
          </reporter-output>
        </test-method> <!-- tearDown -->
      </class> <!-- com.computech.testcases.OrangeHRMTest1 -->
    </test> <!-- Test -->
  </suite> <!-- Suite -->
</testng-results>
