<?xml version="1.0" encoding="UTF-8"?>
<!-- Generated by org.testng.reporters.JUnitXMLReporter -->
<testsuite hostname="Testing-PC" ignored="0" name="Test" tests="3" failures="0" timestamp="10 Feb 2020 11:02:41 GMT" time="22.276" errors="0">
  <testcase name="verifyPage" time="0.05" classname="com.computech.testcases.OrangeHRMTest1"/>
  <testcase name="login" time="6.475" classname="com.computech.testcases.OrangeHRMTest1"/>
  <testcase name="logout" time="5.446" classname="com.computech.testcases.OrangeHRMTest1"/>
</testsuite> <!-- Test -->
